<?xml version="1.0" encoding="UTF-8"?>
<!-- Generated by org.testng.reporters.JUnitReportReporter -->
<testsuite skipped="0" hostname="DESKTOP-J71GJ2U" name="test.SecondTests" tests="1" failures="0" timestamp="05 Feb 2023 17:02:37 GMT" time="3.155" errors="0">
  <testcase name="handleHoverOverDropdown" time="3.155" classname="test.SecondTests"/>
</testsuite> <!-- test.SecondTests -->
