<?xml version="1.0" encoding="UTF-8"?>
<!-- Generated by org.testng.reporters.JUnitReportReporter -->
<testsuite skipped="0" hostname="DESKTOP-J71GJ2U" name="test.ContactUsTest" tests="1" failures="0" timestamp="05 Feb 2023 00:50:58 GMT" time="17.179" errors="0">
  <testcase name="submitContactUsForm" time="17.179" classname="test.ContactUsTest"/>
</testsuite> <!-- test.ContactUsTest -->
