<?xml version="1.0" encoding="UTF-8"?>
<!-- Generated by org.testng.reporters.JUnitReportReporter -->
<testsuite skipped="0" hostname="DESKTOP-J71GJ2U" name="test.LoginTests" tests="3" failures="0" timestamp="11 Feb 2023 16:27:36 GMT" time="22.537" errors="0">
  <testcase name="loginWithInvalidEmailInvalidPassword" time="6.926" classname="test.LoginTests"/>
  <testcase name="loginWithInvalidEmailInvalidPassword" time="7.338" classname="test.LoginTests"/>
  <testcase name="selectMenuOptionTest" time="8.273" classname="test.LoginTests"/>
</testsuite> <!-- test.LoginTests -->
