<?xml version="1.0" encoding="UTF-8"?>
<!-- Generated by org.testng.reporters.JUnitReportReporter -->
<testsuite skipped="0" hostname="DESKTOP-J71GJ2U" name="test.ContactUsTests" tests="1" failures="0" timestamp="11 Feb 2023 16:27:36 GMT" time="10.956" errors="0">
  <testcase name="submitContactForm" time="10.956" classname="test.ContactUsTests"/>
</testsuite> <!-- test.ContactUsTests -->
